[05/17/22 01:43 PM ]Both license storage C:\ProgramData\Embarcadero\.licenses\.cg_license and backup file are missing. Will create new ones.
[05/17/22 01:43 PM ]----------------------------------------
[05/17/22 01:43 PM ]Operating System: Windows
[05/17/22 01:43 PM ]Current User: uferreira
[05/17/22 01:43 PM ]System Registration Key: 2206652
[05/17/22 01:43 PM ]Node Lock: W9ZR6768XJD
[05/17/22 01:43 PM ]
[05/17/22 01:43 PM ]----------------------------------------
[05/17/22 01:43 PM ]----------------------------------------
[05/17/22 01:43 PM ]Operating System: Windows
[05/17/22 01:43 PM ]Current User: uferreira
[05/17/22 01:43 PM ]System Registration Key: 2206652
[05/17/22 01:43 PM ]Node Lock: W9ZR6768XJD
[05/17/22 01:43 PM ]
[05/17/22 01:43 PM ]----------------------------------------
[05/17/22 01:43 PM ]----------------------------------------
[05/17/22 01:43 PM ]Operating System: Windows
[05/17/22 01:43 PM ]Current User: uferreira
[05/17/22 01:43 PM ]System Registration Key: 2206652
[05/17/22 01:43 PM ]Node Lock: W9ZR6768XJD
[05/17/22 01:43 PM ]
[05/17/22 01:43 PM ]----------------------------------------
[05/17/22 01:43 PM ]----------------------------------------
[05/17/22 01:43 PM ]Operating System: Windows
[05/17/22 01:43 PM ]Current User: uferreira
[05/17/22 01:43 PM ]System Registration Key: 2206652
[05/17/22 01:43 PM ]Node Lock: W9ZR6768XJD
[05/17/22 01:43 PM ]
[05/17/22 01:43 PM ]----------------------------------------
[05/17/22 01:43 PM ]----------------------------------------
[05/17/22 01:43 PM ]Operating System: Windows
[05/17/22 01:43 PM ]Current User: uferreira
[05/17/22 01:43 PM ]System Registration Key: 2206652
[05/17/22 01:43 PM ]Node Lock: W9ZR6768XJD
[05/17/22 01:43 PM ]
[05/17/22 01:43 PM ]----------------------------------------
[05/17/22 01:43 PM ]----------------------------------------
[05/17/22 01:43 PM ]Operating System: Windows
[05/17/22 01:43 PM ]Current User: uferreira
[05/17/22 01:43 PM ]System Registration Key: 2206652
[05/17/22 01:43 PM ]Node Lock: W9ZR6768XJD
[05/17/22 01:43 PM ]
[05/17/22 01:43 PM ]----------------------------------------
[05/17/22 01:43 PM ]----------------------------------------
[05/17/22 01:43 PM ]Operating System: Windows
[05/17/22 01:43 PM ]Current User: uferreira
[05/17/22 01:43 PM ]System Registration Key: 2206652
[05/17/22 01:43 PM ]Node Lock: W9ZR6768XJD
[05/17/22 01:43 PM ]
[05/17/22 01:43 PM ]----------------------------------------
[05/17/22 01:43 PM ]----------------------------------------
[05/17/22 01:43 PM ]Operating System: Windows
[05/17/22 01:43 PM ]Current User: uferreira
[05/17/22 01:43 PM ]System Registration Key: 2206652
[05/17/22 01:43 PM ]Node Lock: W9ZR6768XJD
[05/17/22 01:43 PM ]
[05/17/22 01:43 PM ]----------------------------------------
[05/17/22 01:43 PM ]----------------------------------------
[05/17/22 01:43 PM ]Operating System: Windows
[05/17/22 01:43 PM ]Current User: uferreira
[05/17/22 01:43 PM ]System Registration Key: 2206652
[05/17/22 01:43 PM ]Node Lock: W9ZR6768XJD
[05/17/22 01:43 PM ]
[05/17/22 01:43 PM ]----------------------------------------
[05/17/22 01:43 PM ]----------------------------------------
[05/17/22 01:43 PM ]Operating System: Windows
[05/17/22 01:43 PM ]Current User: uferreira
[05/17/22 01:43 PM ]System Registration Key: 2206652
[05/17/22 01:43 PM ]Node Lock: W9ZR6768XJD
[05/17/22 01:43 PM ]
[05/17/22 01:43 PM ]----------------------------------------
[05/17/22 01:45 PM ]----------------------------------------
[05/17/22 01:45 PM ]Operating System: Windows
[05/17/22 01:45 PM ]Current User: uferreira
[05/17/22 01:45 PM ]System Registration Key: 2206652
[05/17/22 01:45 PM ]Node Lock: W9ZR6768XJD
[05/17/22 01:45 PM ]
[05/17/22 01:45 PM ]----------------------------------------
[05/17/22 01:45 PM ]----------------------------------------
[05/17/22 01:45 PM ]Operating System: Windows
[05/17/22 01:45 PM ]Current User: uferreira
[05/17/22 01:45 PM ]System Registration Key: 2206652
[05/17/22 01:45 PM ]Node Lock: W9ZR6768XJD
[05/17/22 01:45 PM ]
[05/17/22 01:45 PM ]----------------------------------------
[05/17/22 01:45 PM ]----------------------------------------
[05/17/22 01:45 PM ]Operating System: Windows
[05/17/22 01:45 PM ]Current User: uferreira
[05/17/22 01:45 PM ]System Registration Key: 2206652
[05/17/22 01:45 PM ]Node Lock: W9ZR6768XJD
[05/17/22 01:45 PM ]
[05/17/22 01:45 PM ]----------------------------------------
[05/17/22 01:45 PM ]----------------------------------------
[05/17/22 01:45 PM ]Operating System: Windows
[05/17/22 01:45 PM ]Current User: uferreira
[05/17/22 01:45 PM ]System Registration Key: 2206652
[05/17/22 01:45 PM ]Node Lock: W9ZR6768XJD
[05/17/22 01:45 PM ]
[05/17/22 01:45 PM ]----------------------------------------
[05/17/22 01:45 PM ]----------------------------------------
[05/17/22 01:45 PM ]Operating System: Windows
[05/17/22 01:45 PM ]Current User: uferreira
[05/17/22 01:45 PM ]System Registration Key: 2206652
[05/17/22 01:45 PM ]Node Lock: W9ZR6768XJD
[05/17/22 01:45 PM ]
[05/17/22 01:45 PM ]----------------------------------------
[05/17/22 01:45 PM ]----------------------------------------
[05/17/22 01:45 PM ]Operating System: Windows
[05/17/22 01:45 PM ]Current User: uferreira
[05/17/22 01:45 PM ]System Registration Key: 2206652
[05/17/22 01:45 PM ]Node Lock: W9ZR6768XJD
[05/17/22 01:45 PM ]
[05/17/22 01:45 PM ]----------------------------------------
[05/17/22 01:45 PM ]----------------------------------------
[05/17/22 01:45 PM ]Operating System: Windows
[05/17/22 01:45 PM ]Current User: uferreira
[05/17/22 01:45 PM ]System Registration Key: 2206652
[05/17/22 01:45 PM ]Node Lock: W9ZR6768XJD
[05/17/22 01:45 PM ]
[05/17/22 01:45 PM ]----------------------------------------
[05/17/22 01:45 PM ]----------------------------------------
[05/17/22 01:45 PM ]Operating System: Windows
[05/17/22 01:45 PM ]Current User: uferreira
[05/17/22 01:45 PM ]System Registration Key: 2206652
[05/17/22 01:45 PM ]Node Lock: W9ZR6768XJD
[05/17/22 01:45 PM ]
[05/17/22 01:45 PM ]----------------------------------------
[05/17/22 01:45 PM ]----------------------------------------
[05/17/22 01:45 PM ]Operating System: Windows
[05/17/22 01:45 PM ]Current User: uferreira
[05/17/22 01:45 PM ]System Registration Key: 2206652
[05/17/22 01:45 PM ]Node Lock: W9ZR6768XJD
[05/17/22 01:45 PM ]
[05/17/22 01:45 PM ]----------------------------------------
[05/17/22 01:45 PM ]----------------------------------------
[05/17/22 01:45 PM ]Operating System: Windows
[05/17/22 01:45 PM ]Current User: uferreira
[05/17/22 01:45 PM ]System Registration Key: 2206652
[05/17/22 01:45 PM ]Node Lock: W9ZR6768XJD
[05/17/22 01:45 PM ]
[05/17/22 01:45 PM ]----------------------------------------
[05/17/22 01:46 PM ]----------------------------------------
[05/17/22 01:46 PM ]Operating System: Windows
[05/17/22 01:46 PM ]Current User: uferreira
[05/17/22 01:46 PM ]System Registration Key: 2206652
[05/17/22 01:46 PM ]Node Lock: W9ZR6768XJD
[05/17/22 01:46 PM ]
[05/17/22 01:46 PM ]----------------------------------------
[05/17/22 01:46 PM ]----------------------------------------
[05/17/22 01:46 PM ]Operating System: Windows
[05/17/22 01:46 PM ]Current User: uferreira
[05/17/22 01:46 PM ]System Registration Key: 2206652
[05/17/22 01:46 PM ]Node Lock: W9ZR6768XJD
[05/17/22 01:46 PM ]
[05/17/22 01:46 PM ]----------------------------------------
[05/17/22 01:46 PM ]----------------------------------------
[05/17/22 01:46 PM ]Operating System: Windows
[05/17/22 01:46 PM ]Current User: uferreira
[05/17/22 01:46 PM ]System Registration Key: 2206652
[05/17/22 01:46 PM ]Node Lock: W9ZR6768XJD
[05/17/22 01:46 PM ]
[05/17/22 01:46 PM ]----------------------------------------
[05/17/22 01:46 PM ]----------------------------------------
[05/17/22 01:46 PM ]Operating System: Windows
[05/17/22 01:46 PM ]Current User: uferreira
[05/17/22 01:46 PM ]System Registration Key: 2206652
[05/17/22 01:46 PM ]Node Lock: W9ZR6768XJD
[05/17/22 01:46 PM ]
[05/17/22 01:46 PM ]----------------------------------------
[05/17/22 01:46 PM ]----------------------------------------
[05/17/22 01:46 PM ]Operating System: Windows
[05/17/22 01:46 PM ]Current User: uferreira
[05/17/22 01:46 PM ]System Registration Key: 2206652
[05/17/22 01:46 PM ]Node Lock: W9ZR6768XJD
[05/17/22 01:46 PM ]
[05/17/22 01:46 PM ]----------------------------------------
[05/17/22 01:46 PM ]----------------------------------------
[05/17/22 01:46 PM ]Operating System: Windows
[05/17/22 01:46 PM ]Current User: uferreira
[05/17/22 01:46 PM ]System Registration Key: 2206652
[05/17/22 01:46 PM ]Node Lock: W9ZR6768XJD
[05/17/22 01:46 PM ]
[05/17/22 01:46 PM ]----------------------------------------
[05/17/22 01:46 PM ]----------------------------------------
[05/17/22 01:46 PM ]Operating System: Windows
[05/17/22 01:46 PM ]Current User: uferreira
[05/17/22 01:46 PM ]System Registration Key: 2206652
[05/17/22 01:46 PM ]Node Lock: W9ZR6768XJD
[05/17/22 01:46 PM ]
[05/17/22 01:46 PM ]----------------------------------------
[05/17/22 01:46 PM ]----------------------------------------
[05/17/22 01:46 PM ]Operating System: Windows
[05/17/22 01:46 PM ]Current User: uferreira
[05/17/22 01:46 PM ]System Registration Key: 2206652
[05/17/22 01:46 PM ]Node Lock: W9ZR6768XJD
[05/17/22 01:46 PM ]
[05/17/22 01:46 PM ]----------------------------------------
[05/17/22 01:46 PM ]----------------------------------------
[05/17/22 01:46 PM ]Operating System: Windows
[05/17/22 01:46 PM ]Current User: uferreira
[05/17/22 01:46 PM ]System Registration Key: 2206652
[05/17/22 01:46 PM ]Node Lock: W9ZR6768XJD
[05/17/22 01:46 PM ]
[05/17/22 01:46 PM ]----------------------------------------
[05/17/22 01:47 PM ]----------------------------------------
[05/17/22 01:47 PM ]Operating System: Windows
[05/17/22 01:47 PM ]Current User: uferreira
[05/17/22 01:47 PM ]System Registration Key: 2206652
[05/17/22 01:47 PM ]Node Lock: W9ZR6768XJD
[05/17/22 01:47 PM ]
[05/17/22 01:47 PM ]----------------------------------------
[05/17/22 01:49 PM ]----------------------------------------
[05/17/22 01:49 PM ]Operating System: Windows
[05/17/22 01:49 PM ]Current User: uferreira
[05/17/22 01:49 PM ]System Registration Key: 2206652
[05/17/22 01:49 PM ]Node Lock: W9ZR6768XJD
[05/17/22 01:49 PM ]
[05/17/22 01:49 PM ]----------------------------------------
[05/17/22 01:49 PM ]----------------------------------------
[05/17/22 01:49 PM ]Operating System: Windows
[05/17/22 01:49 PM ]Current User: uferreira
[05/17/22 01:49 PM ]System Registration Key: 2206652
[05/17/22 01:49 PM ]Node Lock: W9ZR6768XJD
[05/17/22 01:49 PM ]
[05/17/22 01:49 PM ]----------------------------------------
[05/17/22 01:49 PM ]----------------------------------------
[05/17/22 01:49 PM ]Operating System: Windows
[05/17/22 01:49 PM ]Current User: uferreira
[05/17/22 01:49 PM ]System Registration Key: 2206652
[05/17/22 01:49 PM ]Node Lock: W9ZR6768XJD
[05/17/22 01:49 PM ]
[05/17/22 01:49 PM ]----------------------------------------
[05/17/22 01:49 PM ]----------------------------------------
[05/17/22 01:49 PM ]Operating System: Windows
[05/17/22 01:49 PM ]Current User: uferreira
[05/17/22 01:49 PM ]System Registration Key: 2206652
[05/17/22 01:49 PM ]Node Lock: W9ZR6768XJD
[05/17/22 01:49 PM ]
[05/17/22 01:49 PM ]----------------------------------------
[05/17/22 01:49 PM ]----------------------------------------
[05/17/22 01:49 PM ]Operating System: Windows
[05/17/22 01:49 PM ]Current User: uferreira
[05/17/22 01:49 PM ]System Registration Key: 2206652
[05/17/22 01:49 PM ]Node Lock: W9ZR6768XJD
[05/17/22 01:49 PM ]
[05/17/22 01:49 PM ]----------------------------------------
[05/17/22 01:49 PM ]----------------------------------------
[05/17/22 01:49 PM ]Operating System: Windows
[05/17/22 01:49 PM ]Current User: uferreira
[05/17/22 01:49 PM ]System Registration Key: 2206652
[05/17/22 01:49 PM ]Node Lock: W9ZR6768XJD
[05/17/22 01:49 PM ]
[05/17/22 01:49 PM ]----------------------------------------
[05/17/22 01:49 PM ]----------------------------------------
[05/17/22 01:49 PM ]Operating System: Windows
[05/17/22 01:49 PM ]Current User: uferreira
[05/17/22 01:49 PM ]System Registration Key: 2206652
[05/17/22 01:49 PM ]Node Lock: W9ZR6768XJD
[05/17/22 01:49 PM ]
[05/17/22 01:49 PM ]----------------------------------------
[05/17/22 01:49 PM ]----------------------------------------
[05/17/22 01:49 PM ]Operating System: Windows
[05/17/22 01:49 PM ]Current User: uferreira
[05/17/22 01:49 PM ]System Registration Key: 2206652
[05/17/22 01:49 PM ]Node Lock: W9ZR6768XJD
[05/17/22 01:49 PM ]
[05/17/22 01:49 PM ]----------------------------------------
[05/17/22 01:49 PM ]----------------------------------------
[05/17/22 01:49 PM ]Operating System: Windows
[05/17/22 01:49 PM ]Current User: uferreira
[05/17/22 01:49 PM ]System Registration Key: 2206652
[05/17/22 01:49 PM ]Node Lock: W9ZR6768XJD
[05/17/22 01:49 PM ]
[05/17/22 01:49 PM ]----------------------------------------
[05/17/22 01:50 PM ]----------------------------------------
[05/17/22 01:50 PM ]Operating System: Windows
[05/17/22 01:50 PM ]Current User: uferreira
[05/17/22 01:50 PM ]System Registration Key: 2206652
[05/17/22 01:50 PM ]Node Lock: W9ZR6768XJD
[05/17/22 01:50 PM ]
[05/17/22 01:50 PM ]----------------------------------------
[05/17/22 01:50 PM ]
[05/17/22 01:50 PM ]
[05/17/22 01:50 PM ]License: RAD Studio 11.1 Alexandria Architect Trial
[05/17/22 01:50 PM ]Registration Key=2206652
[05/17/22 01:50 PM ]Serial Number=2SAL-AV6GXQ-KUV5KK-HERS
[05/17/22 01:50 PM ]----------------------------------------
[05/17/22 01:50 PM ]Operating System: Windows
[05/17/22 01:50 PM ]Current User: uferreira
[05/17/22 01:50 PM ]System Registration Key: 2206652
[05/17/22 01:50 PM ]Node Lock: W9ZR6768XJD
[05/17/22 01:50 PM ]
[05/17/22 01:50 PM ]----------------------------------------
[05/17/22 01:50 PM ]Unreg #0 2SAL-AV6GXQ-KUV5KK-HERS
[05/17/22 01:50 PM ]
[05/17/22 01:50 PM ]
[05/17/22 01:50 PM ]License: RAD Studio 11.1 Alexandria Architect Trial
[05/17/22 01:50 PM ]Registration Key=2206652
[05/17/22 01:50 PM ]Serial Number=2SAL-AV6GXQ-KUV5KK-HERS
[05/17/22 01:50 PM ]----------------------------------------
[05/17/22 01:50 PM ]Operating System: Windows
[05/17/22 01:50 PM ]Current User: uferreira
[05/17/22 01:50 PM ]System Registration Key: 2206652
[05/17/22 01:50 PM ]Node Lock: W9ZR6768XJD
[05/17/22 01:50 PM ]
[05/17/22 01:50 PM ]----------------------------------------
[05/17/22 01:50 PM ]Unreg #0 2SAL-AV6GXQ-KUV5KK-HERS
[05/17/22 01:50 PM ]
[05/17/22 01:50 PM ]
[05/17/22 01:50 PM ]License: RAD Studio 11.1 Alexandria Architect Trial
[05/17/22 01:50 PM ]Registration Key=2206652
[05/17/22 01:50 PM ]Serial Number=2SAL-AV6GXQ-KUV5KK-HERS
[05/17/22 01:50 PM ]----------------------------------------
[05/17/22 01:50 PM ]Operating System: Windows
[05/17/22 01:50 PM ]Current User: uferreira
[05/17/22 01:50 PM ]System Registration Key: 2206652
[05/17/22 01:50 PM ]Node Lock: W9ZR6768XJD
[05/17/22 01:50 PM ]
[05/17/22 01:50 PM ]----------------------------------------
[05/17/22 01:50 PM ]Unreg #0 2SAL-AV6GXQ-KUV5KK-HERS
[05/17/22 01:50 PM ]
[05/17/22 01:50 PM ]
[05/17/22 01:50 PM ]License: RAD Studio 11.1 Alexandria Architect Trial
[05/17/22 01:50 PM ]Registration Key=2206652
[05/17/22 01:50 PM ]Serial Number=2SAL-AV6GXQ-KUV5KK-HERS
[05/17/22 01:51 PM ]----------------------------------------
[05/17/22 01:51 PM ]Operating System: Windows
[05/17/22 01:51 PM ]Current User: uferreira
[05/17/22 01:51 PM ]System Registration Key: 2206652
[05/17/22 01:51 PM ]Node Lock: W9ZR6768XJD
[05/17/22 01:51 PM ]
[05/17/22 01:51 PM ]----------------------------------------
[05/17/22 01:51 PM ]Unreg #0 2SAL-AV6GXQ-KUV5KK-HERS
[05/17/22 01:51 PM ]
[05/17/22 01:51 PM ]
[05/17/22 01:51 PM ]License: RAD Studio 11.1 Alexandria Architect Trial
[05/17/22 01:51 PM ]Registration Key=2206652
[05/17/22 01:51 PM ]Serial Number=2SAL-AV6GXQ-KUV5KK-HERS
[05/17/22 01:51 PM ]----------------------------------------
[05/17/22 01:51 PM ]Operating System: Windows
[05/17/22 01:51 PM ]Current User: uferreira
[05/17/22 01:51 PM ]System Registration Key: 2206652
[05/17/22 01:51 PM ]Node Lock: W9ZR6768XJD
[05/17/22 01:51 PM ]
[05/17/22 01:51 PM ]----------------------------------------
[05/17/22 01:51 PM ]Unreg #0 2SAL-AV6GXQ-KUV5KK-HERS
[05/17/22 01:51 PM ]
[05/17/22 01:51 PM ]
[05/17/22 01:51 PM ]License: RAD Studio 11.1 Alexandria Architect Trial
[05/17/22 01:51 PM ]Registration Key=2206652
[05/17/22 01:51 PM ]Serial Number=2SAL-AV6GXQ-KUV5KK-HERS
[05/17/22 01:51 PM ]----------------------------------------
[05/17/22 01:51 PM ]Operating System: Windows
[05/17/22 01:51 PM ]Current User: uferreira
[05/17/22 01:51 PM ]System Registration Key: 2206652
[05/17/22 01:51 PM ]Node Lock: W9ZR6768XJD
[05/17/22 01:51 PM ]
[05/17/22 01:51 PM ]----------------------------------------
[05/17/22 01:51 PM ]Unreg #0 2SAL-AV6GXQ-KUV5KK-HERS
[05/17/22 01:51 PM ]
[05/17/22 01:51 PM ]
[05/17/22 01:51 PM ]License: RAD Studio 11.1 Alexandria Architect Trial
[05/17/22 01:51 PM ]Registration Key=2206652
[05/17/22 01:51 PM ]Serial Number=2SAL-AV6GXQ-KUV5KK-HERS
[05/17/22 01:51 PM ]----------------------------------------
[05/17/22 01:51 PM ]Operating System: Windows
[05/17/22 01:51 PM ]Current User: uferreira
[05/17/22 01:51 PM ]System Registration Key: 2206652
[05/17/22 01:51 PM ]Node Lock: W9ZR6768XJD
[05/17/22 01:51 PM ]
[05/17/22 01:51 PM ]----------------------------------------
[05/17/22 01:51 PM ]Unreg #0 2SAL-AV6GXQ-KUV5KK-HERS
[05/17/22 01:51 PM ]
[05/17/22 01:51 PM ]
[05/17/22 01:51 PM ]License: RAD Studio 11.1 Alexandria Architect Trial
[05/17/22 01:51 PM ]Registration Key=2206652
[05/17/22 01:51 PM ]Serial Number=2SAL-AV6GXQ-KUV5KK-HERS
[05/17/22 01:51 PM ]----------------------------------------
[05/17/22 01:51 PM ]Operating System: Windows
[05/17/22 01:51 PM ]Current User: uferreira
[05/17/22 01:51 PM ]System Registration Key: 2206652
[05/17/22 01:51 PM ]Node Lock: W9ZR6768XJD
[05/17/22 01:51 PM ]
[05/17/22 01:51 PM ]----------------------------------------
[05/17/22 01:51 PM ]Unreg #0 2SAL-AV6GXQ-KUV5KK-HERS
[05/17/22 01:51 PM ]
[05/17/22 01:51 PM ]
[05/17/22 01:51 PM ]License: RAD Studio 11.1 Alexandria Architect Trial
[05/17/22 01:51 PM ]Registration Key=2206652
[05/17/22 01:51 PM ]Serial Number=2SAL-AV6GXQ-KUV5KK-HERS
[05/17/22 01:51 PM ]----------------------------------------
[05/17/22 01:51 PM ]Operating System: Windows
[05/17/22 01:51 PM ]Current User: uferreira
[05/17/22 01:51 PM ]System Registration Key: 2206652
[05/17/22 01:51 PM ]Node Lock: W9ZR6768XJD
[05/17/22 01:51 PM ]
[05/17/22 01:51 PM ]----------------------------------------
[05/17/22 01:51 PM ]
[05/17/22 01:51 PM ]
[05/17/22 01:51 PM ]License: RAD Studio 11.1 Alexandria Architect Trial
[05/17/22 01:51 PM ]Registration Key=2206652
[05/17/22 01:51 PM ]Serial Number=2SAL-AV6GXQ-KUV5KK-HERS
[05/17/22 01:51 PM ]----------------------------------------
[05/17/22 01:51 PM ]Operating System: Windows
[05/17/22 01:51 PM ]Current User: uferreira
[05/17/22 01:51 PM ]System Registration Key: 2206652
[05/17/22 01:51 PM ]Node Lock: W9ZR6768XJD
[05/17/22 01:51 PM ]
[05/17/22 01:51 PM ]----------------------------------------
[05/17/22 01:51 PM ]
[05/17/22 01:51 PM ]
[05/17/22 01:51 PM ]License: Delphi 10.4.2 Sydney Community Edition
[05/17/22 01:51 PM ]Registration Key=2206652
[05/17/22 01:51 PM ]Serial Number=J4CK-WYND2A-DUR367-A48D
[05/17/22 01:51 PM ]
[05/17/22 01:51 PM ]
[05/17/22 01:51 PM ]License: RAD Studio 11.1 Alexandria Architect Trial
[05/17/22 01:51 PM ]Registration Key=2206652
[05/17/22 01:51 PM ]Serial Number=2SAL-AV6GXQ-KUV5KK-HERS
[05/17/22 01:51 PM ]----------------------------------------
[05/17/22 01:51 PM ]Operating System: Windows
[05/17/22 01:51 PM ]Current User: uferreira
[05/17/22 01:51 PM ]System Registration Key: 2206652
[05/17/22 01:51 PM ]Node Lock: W9ZR6768XJD
[05/17/22 01:51 PM ]
[05/17/22 01:51 PM ]----------------------------------------
[05/17/22 01:51 PM ]Unreg #0 2SAL-AV6GXQ-KUV5KK-HERS
[05/17/22 01:51 PM ]Unreg #1 J4CK-WYND2A-DUR367-A48D
[05/17/22 01:51 PM ]
[05/17/22 01:51 PM ]
[05/17/22 01:51 PM ]License: Delphi 10.4.2 Sydney Community Edition
[05/17/22 01:51 PM ]Registration Key=2206652
[05/17/22 01:51 PM ]Serial Number=J4CK-WYND2A-DUR367-A48D
[05/17/22 01:51 PM ]
[05/17/22 01:51 PM ]
[05/17/22 01:51 PM ]License: RAD Studio 11.1 Alexandria Architect Trial
[05/17/22 01:51 PM ]Registration Key=2206652
[05/17/22 01:51 PM ]Serial Number=2SAL-AV6GXQ-KUV5KK-HERS
[05/17/22 01:51 PM ][Subscription Client] [17/05/2022 13:51:44] DEBUG: License verification thread has started.  The following ids have been submitted to Subscription Monitor: ProductID=>8222,ProductID=>8222,ProductID=>2028,ProductID=>4025,
[05/17/22 01:51 PM ][Subscription Client] There were no licenses present for the following productids:,8222,8222,2028,4025
[05/17/22 02:05 PM ]----------------------------------------
[05/17/22 02:05 PM ]Operating System: Windows
[05/17/22 02:05 PM ]Current User: uferreira
[05/17/22 02:05 PM ]System Registration Key: 2206652
[05/17/22 02:05 PM ]Node Lock: W9ZR6768XJD
[05/17/22 02:05 PM ]
[05/17/22 02:05 PM ]----------------------------------------
[05/17/22 02:05 PM ]
[05/17/22 02:05 PM ]
[05/17/22 02:05 PM ]License: Delphi 10.4.2 Sydney Community Edition
[05/17/22 02:05 PM ]Registration Key=2206652
[05/17/22 02:05 PM ]Serial Number=J4CK-WYND2A-DUR367-A48D
[05/17/22 02:05 PM ]
[05/17/22 02:05 PM ]
[05/17/22 02:05 PM ]License: RAD Studio 11.1 Alexandria Architect Trial
[05/17/22 02:05 PM ]Registration Key=2206652
[05/17/22 02:05 PM ]Serial Number=2SAL-AV6GXQ-KUV5KK-HERS
[05/17/22 02:05 PM ][Subscription Client] [17/05/2022 14:05:25] DEBUG: License verification thread has started.  The following ids have been submitted to Subscription Monitor: ProductID=>8222,ProductID=>8222,ProductID=>2028,
[05/17/22 02:05 PM ][Subscription Client] There were no licenses present for the following productids:,8222,8222,2028
[05/17/22 02:12 PM ]----------------------------------------
[05/17/22 02:12 PM ]Operating System: Windows
[05/17/22 02:12 PM ]Current User: uferreira
[05/17/22 02:12 PM ]System Registration Key: 2206652
[05/17/22 02:12 PM ]Node Lock: W9ZR6768XJD
[05/17/22 02:12 PM ]
[05/17/22 02:12 PM ]----------------------------------------
[05/17/22 02:12 PM ]
[05/17/22 02:12 PM ]
[05/17/22 02:12 PM ]License: Delphi 10.4.2 Sydney Community Edition
[05/17/22 02:12 PM ]Registration Key=2206652
[05/17/22 02:12 PM ]Serial Number=J4CK-WYND2A-DUR367-A48D
[05/17/22 02:12 PM ]
[05/17/22 02:12 PM ]
[05/17/22 02:12 PM ]License: RAD Studio 11.1 Alexandria Architect Trial
[05/17/22 02:12 PM ]Registration Key=2206652
[05/17/22 02:12 PM ]Serial Number=2SAL-AV6GXQ-KUV5KK-HERS
[05/17/22 02:12 PM ][Subscription Client] [17/05/2022 14:12:38] DEBUG: License verification thread has started.  The following ids have been submitted to Subscription Monitor: ProductID=>8221,ProductID=>8221,ProductID=>2027,
[05/17/22 02:12 PM ][Subscription Client] [17/05/2022 14:12:38] DEBUG: No license verification call is necessary at this time.  Next verification call will be made on 14/06/2022.
[05/18/22 01:26 PM ]----------------------------------------
[05/18/22 01:26 PM ]Operating System: Windows
[05/18/22 01:26 PM ]Current User: uferreira
[05/18/22 01:26 PM ]System Registration Key: 2206652
[05/18/22 01:26 PM ]Node Lock: W9ZR6768XJD
[05/18/22 01:26 PM ]
[05/18/22 01:26 PM ]----------------------------------------
[05/18/22 01:26 PM ]
[05/18/22 01:26 PM ]
[05/18/22 01:26 PM ]License: Delphi 10.4.2 Sydney Community Edition
[05/18/22 01:26 PM ]Registration Key=2206652
[05/18/22 01:26 PM ]Serial Number=J4CK-WYND2A-DUR367-A48D
[05/18/22 01:26 PM ]
[05/18/22 01:26 PM ]
[05/18/22 01:26 PM ]License: RAD Studio 11.1 Alexandria Architect Trial
[05/18/22 01:26 PM ]Registration Key=2206652
[05/18/22 01:26 PM ]Serial Number=2SAL-AV6GXQ-KUV5KK-HERS
[05/18/22 01:26 PM ][Subscription Client] [18/05/2022 13:26:38] DEBUG: License verification thread has started.  The following ids have been submitted to Subscription Monitor: ProductID=>8221,ProductID=>8221,ProductID=>2027,
[05/18/22 01:26 PM ][Subscription Client] [18/05/2022 13:26:38] DEBUG: No license verification call is necessary at this time.  Next verification call will be made on 14/06/2022.
